<?xml version="1.0" encoding="UTF-8"?>
<testng-results skipped="0" failed="1" total="1" passed="0">
  <reporter-output>
    <line>
      <![CDATA[login : Entered The URL</br>]]>
    </line>
    <line>
      <![CDATA[login : Home Page is Displaed Sucessfully </br>]]>
    </line>
    <line>
      <![CDATA[login : Entered User Name Sucessfully </br>]]>
    </line>
    <line>
      <![CDATA[login : Entered Password sucessfully </br>]]>
    </line>
    <line>
      <![CDATA[login : Clicked On Submit</br>]]>
    </line>
  </reporter-output>
  <suite name="Suite" duration-ms="21166" started-at="2020-05-12T12:57:03Z" finished-at="2020-05-12T12:57:24Z">
    <groups>
    </groups>
    <test name="Test" duration-ms="21166" started-at="2020-05-12T12:57:03Z" finished-at="2020-05-12T12:57:24Z">
      <class name="com.bayer.digitalfarming.frontend.selenium.testcases.AccessAmazon">
        <test-method status="PASS" signature="setup()[pri:0, instance:com.bayer.digitalfarming.frontend.selenium.testcases.AccessAmazon@53b32d7]" name="setup" is-config="true" duration-ms="9076" started-at="2020-05-12T18:27:03Z" finished-at="2020-05-12T18:27:12Z">
          <reporter-output>
          </reporter-output>
        </test-method> <!-- setup -->
        <test-method status="FAIL" signature="login()[pri:0, instance:com.bayer.digitalfarming.frontend.selenium.testcases.AccessAmazon@53b32d7]" name="login" duration-ms="10892" started-at="2020-05-12T18:27:12Z" description="Login on Application" finished-at="2020-05-12T18:27:23Z">
          <exception class="java.lang.AssertionError">
            <message>
              <![CDATA[Unable to locate the element: </br><font color=red>home :-  xpath=//a[contains(text()</font>]]>
            </message>
            <full-stacktrace>
              <![CDATA[java.lang.AssertionError: Unable to locate the element: </br><font color=red>home :-  xpath=//a[contains(text()</font>
	at org.testng.Assert.fail(Assert.java:94)
	at com.bayer.digitalfarming.frontend.selenium.utils.handlers.BaseHandler.findElement(BaseHandler.java:104)
	at com.bayer.digitalfarming.frontend.selenium.utils.handlers.ElementHandler.clickElement(ElementHandler.java:35)
	at com.bayer.digitalfarming.frontend.selenium.pages.AmazonHomePage.clkHome(AmazonHomePage.java:46)
	at com.bayer.digitalfarming.frontend.selenium.testcases.AccessAmazon.login(AccessAmazon.java:18)
	at sun.reflect.NativeMethodAccessorImpl.invoke0(Native Method)
	at sun.reflect.NativeMethodAccessorImpl.invoke(NativeMethodAccessorImpl.java:62)
	at sun.reflect.DelegatingMethodAccessorImpl.invoke(DelegatingMethodAccessorImpl.java:43)
	at java.lang.reflect.Method.invoke(Method.java:498)
	at org.testng.internal.MethodInvocationHelper.invokeMethod(MethodInvocationHelper.java:85)
	at org.testng.internal.Invoker.invokeMethod(Invoker.java:663)
	at org.testng.internal.Invoker.invokeTestMethod(Invoker.java:849)
	at org.testng.internal.Invoker.invokeTestMethods(Invoker.java:1157)
	at org.testng.internal.TestMethodWorker.invokeTestMethods(TestMethodWorker.java:124)
	at org.testng.internal.TestMethodWorker.run(TestMethodWorker.java:108)
	at org.testng.TestRunner.privateRun(TestRunner.java:771)
	at org.testng.TestRunner.run(TestRunner.java:621)
	at org.testng.SuiteRunner.runTest(SuiteRunner.java:357)
	at org.testng.SuiteRunner.runSequentially(SuiteRunner.java:352)
	at org.testng.SuiteRunner.privateRun(SuiteRunner.java:310)
	at org.testng.SuiteRunner.run(SuiteRunner.java:259)
	at org.testng.SuiteRunnerWorker.runSuite(SuiteRunnerWorker.java:52)
	at org.testng.SuiteRunnerWorker.run(SuiteRunnerWorker.java:86)
	at org.testng.TestNG.runSuitesSequentially(TestNG.java:1200)
	at org.testng.TestNG.runSuitesLocally(TestNG.java:1125)
	at org.testng.TestNG.run(TestNG.java:1033)
	at org.testng.remote.RemoteTestNG.run(RemoteTestNG.java:111)
	at org.testng.remote.RemoteTestNG.initAndRun(RemoteTestNG.java:204)
	at org.testng.remote.RemoteTestNG.main(RemoteTestNG.java:175)
]]>
            </full-stacktrace>
          </exception> <!-- java.lang.AssertionError -->
          <reporter-output>
            <line>
              <![CDATA[login : Entered The URL</br>]]>
            </line>
            <line>
              <![CDATA[login : Home Page is Displaed Sucessfully </br>]]>
            </line>
            <line>
              <![CDATA[login : Entered User Name Sucessfully </br>]]>
            </line>
            <line>
              <![CDATA[login : Entered Password sucessfully </br>]]>
            </line>
            <line>
              <![CDATA[login : Clicked On Submit</br>]]>
            </line>
          </reporter-output>
        </test-method> <!-- login -->
        <test-method status="PASS" signature="tearDown(org.testng.ITestResult)[pri:0, instance:com.bayer.digitalfarming.frontend.selenium.testcases.AccessAmazon@53b32d7]" name="tearDown" is-config="true" duration-ms="713" started-at="2020-05-12T18:27:24Z" finished-at="2020-05-12T18:27:24Z">
          <params>
            <param index="0">
              <value>
                <![CDATA[[TestResult name=login status=FAILURE method=AccessAmazon.login()[pri:0, instance:com.bayer.digitalfarming.frontend.selenium.testcases.AccessAmazon@53b32d7] output=login : Entered The URL</br>]]]>
              </value>
            </param>
          </params>
          <reporter-output>
          </reporter-output>
        </test-method> <!-- tearDown -->
      </class> <!-- com.bayer.digitalfarming.frontend.selenium.testcases.AccessAmazon -->
    </test> <!-- Test -->
  </suite> <!-- Suite -->
</testng-results>
